0 verbose cli C:\Program Files\nodejs\node.exe C:\Program Files\nodejs\node_global\node_modules\npm\bin\npm-cli.js
1 info using npm@11.1.0
2 info using node@v22.13.0
3 silly config load:file:C:\Program Files\nodejs\node_global\node_modules\npm\npmrc
4 silly config load:file:D:\Code\Antonio\miro\antonio-board\.npmrc
5 silly config load:file:C:\Users\wwjov\.npmrc
6 silly config load:file:C:\Program Files\nodejs\node_global\etc\npmrc
7 verbose title npm install @radix-ui/react-slot
8 verbose argv "install" "--force" "@radix-ui/react-slot"
9 verbose logfile logs-max:10 dir:D:\Code\Antonio\miro\antonio-board\%USERPROFILE%\npm-cache\_logs\2025-03-09T23_02_23_373Z-
10 verbose logfile D:\Code\Antonio\miro\antonio-board\%USERPROFILE%\npm-cache\_logs\2025-03-09T23_02_23_373Z-debug-0.log
11 warn using --force Recommended protections disabled.
12 silly logfile done cleaning log files
13 silly packumentCache heap:4345298944 maxSize:1086324736 maxEntrySize:543162368
14 silly idealTree buildDeps
15 silly fetch manifest @radix-ui/react-slot@*
16 silly packumentCache full:https://registry.npmjs.org/@radix-ui%2freact-slot cache-miss
17 http fetch GET 200 https://registry.npmjs.org/@radix-ui%2freact-slot 171ms (cache miss)
18 silly packumentCache full:https://registry.npmjs.org/@radix-ui%2freact-slot set size:undefined disposed:false
19 silly fetch manifest @types/react@^19
20 silly packumentCache full:https://registry.npmjs.org/@types%2freact cache-miss
21 http fetch GET 200 https://registry.npmjs.org/@types%2freact 71ms (cache miss)
22 silly packumentCache full:https://registry.npmjs.org/@types%2freact set size:undefined disposed:false
23 silly fetch manifest react@^19.0.0
24 silly packumentCache full:https://registry.npmjs.org/react cache-miss
25 http fetch GET 200 https://registry.npmjs.org/react 118ms (cache updated)
26 silly packumentCache full:https://registry.npmjs.org/react set size:undefined disposed:false
27 silly placeDep ROOT @radix-ui/react-slot@1.1.2 OK for: antonio-board@0.1.0 want: *
28 silly fetch manifest @radix-ui/react-compose-refs@1.1.1
29 silly packumentCache full:https://registry.npmjs.org/@radix-ui%2freact-compose-refs cache-miss
30 http fetch GET 200 https://registry.npmjs.org/@radix-ui%2freact-compose-refs 56ms (cache miss)
31 silly packumentCache full:https://registry.npmjs.org/@radix-ui%2freact-compose-refs set size:undefined disposed:false
32 silly fetch manifest @types/react@*
33 silly packumentCache full:https://registry.npmjs.org/@types%2freact cache-miss
34 http cache https://registry.npmjs.org/@types%2freact 9ms (cache hit)
35 silly packumentCache full:https://registry.npmjs.org/@types%2freact set size:2300558 disposed:false
36 silly fetch manifest react@^16.8 || ^17.0 || ^18.0 || ^19.0 || ^19.0.0-rc
37 silly packumentCache full:https://registry.npmjs.org/react cache-miss
38 http cache https://registry.npmjs.org/react 15ms (cache hit)
39 silly packumentCache full:https://registry.npmjs.org/react set size:5499753 disposed:false
40 silly placeDep ROOT @radix-ui/react-compose-refs@1.1.1 OK for: @radix-ui/react-slot@1.1.2 want: 1.1.1
41 silly reify moves {}
42 silly audit bulk request {
42 silly audit   '@alloc/quick-lru': [ '5.2.0' ],
42 silly audit   '@emnapi/runtime': [ '1.3.1' ],
42 silly audit   '@eslint-community/eslint-utils': [ '4.4.1' ],
42 silly audit   'eslint-visitor-keys': [ '3.4.3', '4.2.0' ],
42 silly audit   '@eslint-community/regexpp': [ '4.12.1' ],
42 silly audit   '@eslint/config-array': [ '0.19.2' ],
42 silly audit   '@eslint/config-helpers': [ '0.1.0' ],
42 silly audit   '@eslint/core': [ '0.12.0' ],
42 silly audit   '@eslint/eslintrc': [ '3.3.0' ],
42 silly audit   '@eslint/js': [ '9.22.0' ],
42 silly audit   '@eslint/object-schema': [ '2.1.6' ],
42 silly audit   '@eslint/plugin-kit': [ '0.2.7' ],
42 silly audit   '@humanfs/core': [ '0.19.1' ],
42 silly audit   '@humanfs/node': [ '0.16.6' ],
42 silly audit   '@humanwhocodes/retry': [ '0.3.1', '0.4.2' ],
42 silly audit   '@humanwhocodes/module-importer': [ '1.0.1' ],
42 silly audit   '@img/sharp-darwin-arm64': [ '0.33.5' ],
42 silly audit   '@img/sharp-darwin-x64': [ '0.33.5' ],
42 silly audit   '@img/sharp-libvips-darwin-arm64': [ '1.0.4' ],
42 silly audit   '@img/sharp-libvips-darwin-x64': [ '1.0.4' ],
42 silly audit   '@img/sharp-libvips-linux-arm': [ '1.0.5' ],
42 silly audit   '@img/sharp-libvips-linux-arm64': [ '1.0.4' ],
42 silly audit   '@img/sharp-libvips-linux-s390x': [ '1.0.4' ],
42 silly audit   '@img/sharp-libvips-linux-x64': [ '1.0.4' ],
42 silly audit   '@img/sharp-libvips-linuxmusl-arm64': [ '1.0.4' ],
42 silly audit   '@img/sharp-libvips-linuxmusl-x64': [ '1.0.4' ],
42 silly audit   '@img/sharp-linux-arm': [ '0.33.5' ],
42 silly audit   '@img/sharp-linux-arm64': [ '0.33.5' ],
42 silly audit   '@img/sharp-linux-s390x': [ '0.33.5' ],
42 silly audit   '@img/sharp-linux-x64': [ '0.33.5' ],
42 silly audit   '@img/sharp-linuxmusl-arm64': [ '0.33.5' ],
42 silly audit   '@img/sharp-linuxmusl-x64': [ '0.33.5' ],
42 silly audit   '@img/sharp-wasm32': [ '0.33.5' ],
42 silly audit   '@img/sharp-win32-ia32': [ '0.33.5' ],
42 silly audit   '@img/sharp-win32-x64': [ '0.33.5' ],
42 silly audit   '@next/env': [ '15.2.1' ],
42 silly audit   '@next/eslint-plugin-next': [ '15.2.1' ],
42 silly audit   '@next/swc-darwin-arm64': [ '15.2.1' ],
42 silly audit   '@next/swc-darwin-x64': [ '15.2.1' ],
42 silly audit   '@next/swc-linux-arm64-gnu': [ '15.2.1' ],
42 silly audit   '@next/swc-linux-arm64-musl': [ '15.2.1' ],
42 silly audit   '@next/swc-linux-x64-gnu': [ '15.2.1' ],
42 silly audit   '@next/swc-linux-x64-musl': [ '15.2.1' ],
42 silly audit   '@next/swc-win32-arm64-msvc': [ '15.2.1' ],
42 silly audit   '@next/swc-win32-x64-msvc': [ '15.2.1' ],
42 silly audit   '@nodelib/fs.scandir': [ '2.1.5' ],
42 silly audit   '@nodelib/fs.stat': [ '2.0.5' ],
42 silly audit   '@nodelib/fs.walk': [ '1.2.8' ],
42 silly audit   '@nolyfill/is-core-module': [ '1.0.39' ],
42 silly audit   '@rtsao/scc': [ '1.1.0' ],
42 silly audit   '@rushstack/eslint-patch': [ '1.10.5' ],
42 silly audit   '@swc/counter': [ '0.1.3' ],
42 silly audit   '@swc/helpers': [ '0.5.15' ],
42 silly audit   '@tailwindcss/node': [ '4.0.12' ],
42 silly audit   '@tailwindcss/oxide': [ '4.0.12' ],
42 silly audit   '@tailwindcss/oxide-android-arm64': [ '4.0.12' ],
42 silly audit   '@tailwindcss/oxide-darwin-arm64': [ '4.0.12' ],
42 silly audit   '@tailwindcss/oxide-darwin-x64': [ '4.0.12' ],
42 silly audit   '@tailwindcss/oxide-freebsd-x64': [ '4.0.12' ],
42 silly audit   '@tailwindcss/oxide-linux-arm-gnueabihf': [ '4.0.12' ],
42 silly audit   '@tailwindcss/oxide-linux-arm64-gnu': [ '4.0.12' ],
42 silly audit   '@tailwindcss/oxide-linux-arm64-musl': [ '4.0.12' ],
42 silly audit   '@tailwindcss/oxide-linux-x64-gnu': [ '4.0.12' ],
42 silly audit   '@tailwindcss/oxide-linux-x64-musl': [ '4.0.12' ],
42 silly audit   '@tailwindcss/oxide-win32-arm64-msvc': [ '4.0.12' ],
42 silly audit   '@tailwindcss/oxide-win32-x64-msvc': [ '4.0.12' ],
42 silly audit   '@tailwindcss/postcss': [ '4.0.12' ],
42 silly audit   '@types/estree': [ '1.0.6' ],
42 silly audit   '@types/json-schema': [ '7.0.15' ],
42 silly audit   '@types/json5': [ '0.0.29' ],
42 silly audit   '@types/node': [ '20.17.24' ],
42 silly audit   '@types/react': [ '19.0.10' ],
42 silly audit   '@types/react-dom': [ '19.0.4' ],
42 silly audit   '@typescript-eslint/eslint-plugin': [ '8.26.0' ],
42 silly audit   '@typescript-eslint/parser': [ '8.26.0' ],
42 silly audit   '@typescript-eslint/scope-manager': [ '8.26.0' ],
42 silly audit   '@typescript-eslint/type-utils': [ '8.26.0' ],
42 silly audit   '@typescript-eslint/types': [ '8.26.0' ],
42 silly audit   '@typescript-eslint/typescript-estree': [ '8.26.0' ],
42 silly audit   'brace-expansion': [ '2.0.1', '1.1.11' ],
42 silly audit   'fast-glob': [ '3.3.3', '3.3.1' ],
42 silly audit   'glob-parent': [ '5.1.2', '6.0.2' ],
42 silly audit   minimatch: [ '9.0.5', '3.1.2' ],
42 silly audit   '@typescript-eslint/utils': [ '8.26.0' ],
42 silly audit   '@typescript-eslint/visitor-keys': [ '8.26.0' ],
42 silly audit   acorn: [ '8.14.1' ],
42 silly audit   'acorn-jsx': [ '5.3.2' ],
42 silly audit   ajv: [ '6.12.6' ],
42 silly audit   'ansi-styles': [ '4.3.0' ],
42 silly audit   argparse: [ '2.0.1' ],
42 silly audit   'aria-query': [ '5.3.2' ],
42 silly audit   'array-buffer-byte-length': [ '1.0.2' ],
42 silly audit   'array-includes': [ '3.1.8' ],
42 silly audit   'array.prototype.findlast': [ '1.2.5' ],
42 silly audit   'array.prototype.findlastindex': [ '1.2.5' ],
42 silly audit   'array.prototype.flat': [ '1.3.3' ],
42 silly audit   'array.prototype.flatmap': [ '1.3.3' ],
42 silly audit   'array.prototype.tosorted': [ '1.1.4' ],
42 silly audit   'arraybuffer.prototype.slice': [ '1.0.4' ],
42 silly audit   'ast-types-flow': [ '0.0.8' ],
42 silly audit   'async-function': [ '1.0.0' ],
42 silly audit   'available-typed-arrays': [ '1.0.7' ],
42 silly audit   'axe-core': [ '4.10.3' ],
42 silly audit   'axobject-query': [ '4.1.0' ],
42 silly audit   'balanced-match': [ '1.0.2' ],
42 silly audit   braces: [ '3.0.3' ],
42 silly audit   busboy: [ '1.6.0' ],
42 silly audit   'call-bind': [ '1.0.8' ],
42 silly audit   'call-bind-apply-helpers': [ '1.0.2' ],
42 silly audit   'call-bound': [ '1.0.4' ],
42 silly audit   callsites: [ '3.1.0' ],
42 silly audit   'caniuse-lite': [ '1.0.30001703' ],
42 silly audit   chalk: [ '4.1.2' ],
42 silly audit   'class-variance-authority': [ '0.7.1' ],
42 silly audit   'client-only': [ '0.0.1' ],
42 silly audit   clsx: [ '2.1.1' ],
42 silly audit   color: [ '4.2.3' ],
42 silly audit   'color-convert': [ '2.0.1' ],
42 silly audit   'color-name': [ '1.1.4' ],
42 silly audit   'color-string': [ '1.9.1' ],
42 silly audit   'concat-map': [ '0.0.1' ],
42 silly audit   'cross-spawn': [ '7.0.6' ],
42 silly audit   csstype: [ '3.1.3' ],
42 silly audit   'damerau-levenshtein': [ '1.0.8' ],
42 silly audit   'data-view-buffer': [ '1.0.2' ],
42 silly audit   'data-view-byte-length': [ '1.0.2' ],
42 silly audit   'data-view-byte-offset': [ '1.0.1' ],
42 silly audit   debug: [ '4.4.0', '3.2.7' ],
42 silly audit   'deep-is': [ '0.1.4' ],
42 silly audit   'define-data-property': [ '1.1.4' ],
42 silly audit   'define-properties': [ '1.2.1' ],
42 silly audit   'detect-libc': [ '2.0.3' ],
42 silly audit   doctrine: [ '2.1.0' ],
42 silly audit   'dunder-proto': [ '1.0.1' ],
42 silly audit   'emoji-regex': [ '9.2.2' ],
42 silly audit   'enhanced-resolve': [ '5.18.1' ],
42 silly audit   'es-abstract': [ '1.23.9' ],
42 silly audit   'es-define-property': [ '1.0.1' ],
42 silly audit   'es-errors': [ '1.3.0' ],
42 silly audit   'es-iterator-helpers': [ '1.2.1' ],
42 silly audit   'es-object-atoms': [ '1.1.1' ],
42 silly audit   'es-set-tostringtag': [ '2.1.0' ],
42 silly audit   'es-shim-unscopables': [ '1.1.0' ],
42 silly audit   'es-to-primitive': [ '1.3.0' ],
42 silly audit   'escape-string-regexp': [ '4.0.0' ],
42 silly audit   eslint: [ '9.22.0' ],
42 silly audit   'eslint-config-next': [ '15.2.1' ],
42 silly audit   'eslint-import-resolver-node': [ '0.3.9' ],
42 silly audit   'eslint-import-resolver-typescript': [ '3.8.3' ],
42 silly audit   'eslint-module-utils': [ '2.12.0' ],
42 silly audit   'eslint-plugin-import': [ '2.31.0' ],
42 silly audit   semver: [ '6.3.1', '7.7.1' ],
42 silly audit   'eslint-plugin-jsx-a11y': [ '6.10.2' ],
42 silly audit   'eslint-plugin-react': [ '7.37.4' ],
42 silly audit   'eslint-plugin-react-hooks': [ '5.2.0' ],
42 silly audit   resolve: [ '2.0.0-next.5', '1.22.10' ],
42 silly audit   'eslint-scope': [ '8.3.0' ],
42 silly audit   espree: [ '10.3.0' ],
42 silly audit   esquery: [ '1.6.0' ],
42 silly audit   esrecurse: [ '4.3.0' ],
42 silly audit   estraverse: [ '5.3.0' ],
42 silly audit   esutils: [ '2.0.3' ],
42 silly audit   'fast-deep-equal': [ '3.1.3' ],
42 silly audit   'fast-json-stable-stringify': [ '2.1.0' ],
42 silly audit   'fast-levenshtein': [ '2.0.6' ],
42 silly audit   fastq: [ '1.19.1' ],
42 silly audit   'file-entry-cache': [ '8.0.0' ],
42 silly audit   'fill-range': [ '7.1.1' ],
42 silly audit   'find-up': [ '5.0.0' ],
42 silly audit   'flat-cache': [ '4.0.1' ],
42 silly audit   flatted: [ '3.3.3' ],
42 silly audit   'for-each': [ '0.3.5' ],
42 silly audit   'function-bind': [ '1.1.2' ],
42 silly audit   'function.prototype.name': [ '1.1.8' ],
42 silly audit   'functions-have-names': [ '1.2.3' ],
42 silly audit   'get-intrinsic': [ '1.3.0' ],
42 silly audit   'get-proto': [ '1.0.1' ],
42 silly audit   'get-symbol-description': [ '1.1.0' ],
42 silly audit   'get-tsconfig': [ '4.10.0' ],
42 silly audit   globals: [ '14.0.0' ],
42 silly audit   globalthis: [ '1.0.4' ],
42 silly audit   gopd: [ '1.2.0' ],
42 silly audit   'graceful-fs': [ '4.2.11' ],
42 silly audit   graphemer: [ '1.4.0' ],
42 silly audit   'has-bigints': [ '1.1.0' ],
42 silly audit   'has-flag': [ '4.0.0' ],
42 silly audit   'has-property-descriptors': [ '1.0.2' ],
42 silly audit   'has-proto': [ '1.2.0' ],
42 silly audit   'has-symbols': [ '1.1.0' ],
42 silly audit   'has-tostringtag': [ '1.0.2' ],
42 silly audit   hasown: [ '2.0.2' ],
42 silly audit   ignore: [ '5.3.2' ],
42 silly audit   'import-fresh': [ '3.3.1' ],
42 silly audit   imurmurhash: [ '0.1.4' ],
42 silly audit   'internal-slot': [ '1.1.0' ],
42 silly audit   'is-array-buffer': [ '3.0.5' ],
42 silly audit   'is-arrayish': [ '0.3.2' ],
42 silly audit   'is-async-function': [ '2.1.1' ],
42 silly audit   'is-bigint': [ '1.1.0' ],
42 silly audit   'is-boolean-object': [ '1.2.2' ],
42 silly audit   'is-bun-module': [ '1.3.0' ],
42 silly audit   'is-callable': [ '1.2.7' ],
42 silly audit   'is-core-module': [ '2.16.1' ],
42 silly audit   'is-data-view': [ '1.0.2' ],
42 silly audit   'is-date-object': [ '1.1.0' ],
42 silly audit   'is-extglob': [ '2.1.1' ],
42 silly audit   'is-finalizationregistry': [ '1.1.1' ],
42 silly audit   'is-generator-function': [ '1.1.0' ],
42 silly audit   'is-glob': [ '4.0.3' ],
42 silly audit   'is-map': [ '2.0.3' ],
42 silly audit   'is-number': [ '7.0.0' ],
42 silly audit   'is-number-object': [ '1.1.1' ],
42 silly audit   'is-regex': [ '1.2.1' ],
42 silly audit   'is-set': [ '2.0.3' ],
42 silly audit   'is-shared-array-buffer': [ '1.0.4' ],
42 silly audit   'is-string': [ '1.1.1' ],
42 silly audit   'is-symbol': [ '1.1.1' ],
42 silly audit   'is-typed-array': [ '1.1.15' ],
42 silly audit   'is-weakmap': [ '2.0.2' ],
42 silly audit   'is-weakref': [ '1.1.1' ],
42 silly audit   'is-weakset': [ '2.0.4' ],
42 silly audit   isarray: [ '2.0.5' ],
42 silly audit   isexe: [ '2.0.0' ],
42 silly audit   'iterator.prototype': [ '1.1.5' ],
42 silly audit   jiti: [ '2.4.2' ],
42 silly audit   'js-tokens': [ '4.0.0' ],
42 silly audit   'js-yaml': [ '4.1.0' ],
42 silly audit   'json-buffer': [ '3.0.1' ],
42 silly audit   'json-schema-traverse': [ '0.4.1' ],
42 silly audit   'json-stable-stringify-without-jsonify': [ '1.0.1' ],
42 silly audit   json5: [ '1.0.2' ],
42 silly audit   'jsx-ast-utils': [ '3.3.5' ],
42 silly audit   keyv: [ '4.5.4' ],
42 silly audit   'language-subtag-registry': [ '0.3.23' ],
42 silly audit   'language-tags': [ '1.0.9' ],
42 silly audit   levn: [ '0.4.1' ],
42 silly audit   lightningcss: [ '1.29.2' ],
42 silly audit   'lightningcss-darwin-arm64': [ '1.29.2' ],
42 silly audit   'lightningcss-darwin-x64': [ '1.29.2' ],
42 silly audit   'lightningcss-freebsd-x64': [ '1.29.2' ],
42 silly audit   'lightningcss-linux-arm-gnueabihf': [ '1.29.2' ],
42 silly audit   'lightningcss-linux-arm64-gnu': [ '1.29.2' ],
42 silly audit   'lightningcss-linux-arm64-musl': [ '1.29.2' ],
42 silly audit   'lightningcss-linux-x64-gnu': [ '1.29.2' ],
42 silly audit   'lightningcss-linux-x64-musl': [ '1.29.2' ],
42 silly audit   'lightningcss-win32-arm64-msvc': [ '1.29.2' ],
42 silly audit   'lightningcss-win32-x64-msvc': [ '1.29.2' ],
42 silly audit   'locate-path': [ '6.0.0' ],
42 silly audit   'lodash.merge': [ '4.6.2' ],
42 silly audit   'loose-envify': [ '1.4.0' ],
42 silly audit   'lucide-react': [ '0.479.0' ],
42 silly audit   'math-intrinsics': [ '1.1.0' ],
42 silly audit   merge2: [ '1.4.1' ],
42 silly audit   micromatch: [ '4.0.8' ],
42 silly audit   minimist: [ '1.2.8' ],
42 silly audit   ms: [ '2.1.3' ],
42 silly audit   nanoid: [ '3.3.9' ],
42 silly audit   'natural-compare': [ '1.4.0' ],
42 silly audit   next: [ '15.2.1' ],
42 silly audit   postcss: [ '8.4.31', '8.5.3' ],
42 silly audit   'object-assign': [ '4.1.1' ],
42 silly audit   'object-inspect': [ '1.13.4' ],
42 silly audit   'object-keys': [ '1.1.1' ],
42 silly audit   'object.assign': [ '4.1.7' ],
42 silly audit   'object.entries': [ '1.1.8' ],
42 silly audit   'object.fromentries': [ '2.0.8' ],
42 silly audit   'object.groupby': [ '1.0.3' ],
42 silly audit   'object.values': [ '1.2.1' ],
42 silly audit   optionator: [ '0.9.4' ],
42 silly audit   'own-keys': [ '1.0.1' ],
42 silly audit   'p-limit': [ '3.1.0' ],
42 silly audit   'p-locate': [ '5.0.0' ],
42 silly audit   'parent-module': [ '1.0.1' ],
42 silly audit   'path-exists': [ '4.0.0' ],
42 silly audit   'path-key': [ '3.1.1' ],
42 silly audit   'path-parse': [ '1.0.7' ],
42 silly audit   picocolors: [ '1.1.1' ],
42 silly audit   picomatch: [ '2.3.1', '4.0.2' ],
42 silly audit   'possible-typed-array-names': [ '1.1.0' ],
42 silly audit   'prelude-ls': [ '1.2.1' ],
42 silly audit   'prop-types': [ '15.8.1' ],
42 silly audit   punycode: [ '2.3.1' ],
42 silly audit   'queue-microtask': [ '1.2.3' ],
42 silly audit   react: [ '19.0.0' ],
42 silly audit   'react-dom': [ '19.0.0' ],
42 silly audit   'react-is': [ '16.13.1' ],
42 silly audit   'reflect.getprototypeof': [ '1.0.10' ],
42 silly audit   'regexp.prototype.flags': [ '1.5.4' ],
42 silly audit   'resolve-from': [ '4.0.0' ],
42 silly audit   'resolve-pkg-maps': [ '1.0.0' ],
42 silly audit   reusify: [ '1.1.0' ],
42 silly audit   'run-parallel': [ '1.2.0' ],
42 silly audit   'safe-array-concat': [ '1.1.3' ],
42 silly audit   'safe-push-apply': [ '1.0.0' ],
42 silly audit   'safe-regex-test': [ '1.1.0' ],
42 silly audit   scheduler: [ '0.25.0' ],
42 silly audit   'set-function-length': [ '1.2.2' ],
42 silly audit   'set-function-name': [ '2.0.2' ],
42 silly audit   'set-proto': [ '1.0.0' ],
42 silly audit   sharp: [ '0.33.5' ],
42 silly audit   'shebang-command': [ '2.0.0' ],
42 silly audit   'shebang-regex': [ '3.0.0' ],
42 silly audit   'side-channel': [ '1.1.0' ],
42 silly audit   'side-channel-list': [ '1.0.0' ],
42 silly audit   'side-channel-map': [ '1.0.1' ],
42 silly audit   'side-channel-weakmap': [ '1.0.2' ],
42 silly audit   'simple-swizzle': [ '0.2.2' ],
42 silly audit   'source-map-js': [ '1.2.1' ],
42 silly audit   'stable-hash': [ '0.0.4' ],
42 silly audit   streamsearch: [ '1.1.0' ],
42 silly audit   'string.prototype.includes': [ '2.0.1' ],
42 silly audit   'string.prototype.matchall': [ '4.0.12' ],
42 silly audit   'string.prototype.repeat': [ '1.0.0' ],
42 silly audit   'string.prototype.trim': [ '1.2.10' ],
42 silly audit   'string.prototype.trimend': [ '1.0.9' ],
42 silly audit   'string.prototype.trimstart': [ '1.0.8' ],
42 silly audit   'strip-bom': [ '3.0.0' ],
42 silly audit   'strip-json-comments': [ '3.1.1' ],
42 silly audit   'styled-jsx': [ '5.1.6' ],
42 silly audit   'supports-color': [ '7.2.0' ],
42 silly audit   'supports-preserve-symlinks-flag': [ '1.0.0' ],
42 silly audit   'tailwind-merge': [ '3.0.2' ],
42 silly audit   tailwindcss: [ '4.0.12' ],
42 silly audit   'tailwindcss-animate': [ '1.0.7' ],
42 silly audit   tapable: [ '2.2.1' ],
42 silly audit   tinyglobby: [ '0.2.12' ],
42 silly audit   fdir: [ '6.4.3' ],
42 silly audit   'to-regex-range': [ '5.0.1' ],
42 silly audit   'ts-api-utils': [ '2.0.1' ],
42 silly audit   'tsconfig-paths': [ '3.15.0' ],
42 silly audit   tslib: [ '2.8.1' ],
42 silly audit   'type-check': [ '0.4.0' ],
42 silly audit   'typed-array-buffer': [ '1.0.3' ],
42 silly audit   'typed-array-byte-length': [ '1.0.3' ],
42 silly audit   'typed-array-byte-offset': [ '1.0.4' ],
42 silly audit   'typed-array-length': [ '1.0.7' ],
42 silly audit   typescript: [ '5.8.2' ],
42 silly audit   'unbox-primitive': [ '1.1.0' ],
42 silly audit   'undici-types': [ '6.19.8' ],
42 silly audit   'uri-js': [ '4.4.1' ],
42 silly audit   which: [ '2.0.2' ],
42 silly audit   'which-boxed-primitive': [ '1.1.1' ],
42 silly audit   'which-builtin-type': [ '1.2.1' ],
42 silly audit   'which-collection': [ '1.0.2' ],
42 silly audit   'which-typed-array': [ '1.1.19' ],
42 silly audit   'word-wrap': [ '1.2.5' ],
42 silly audit   'yocto-queue': [ '0.1.0' ],
42 silly audit   '@radix-ui/react-slot': [ '1.1.2' ],
42 silly audit   '@radix-ui/react-compose-refs': [ '1.1.1' ]
42 silly audit }
43 verbose reify failed optional dependency D:\Code\Antonio\miro\antonio-board\node_modules\lightningcss-win32-arm64-msvc
44 silly reify mark deleted [
44 silly reify   'D:\\Code\\Antonio\\miro\\antonio-board\\node_modules\\lightningcss-win32-arm64-msvc'
44 silly reify ]
45 verbose reify failed optional dependency D:\Code\Antonio\miro\antonio-board\node_modules\lightningcss-linux-x64-musl
46 silly reify mark deleted [
46 silly reify   'D:\\Code\\Antonio\\miro\\antonio-board\\node_modules\\lightningcss-linux-x64-musl'
46 silly reify ]
47 verbose reify failed optional dependency D:\Code\Antonio\miro\antonio-board\node_modules\lightningcss-linux-x64-gnu
48 silly reify mark deleted [
48 silly reify   'D:\\Code\\Antonio\\miro\\antonio-board\\node_modules\\lightningcss-linux-x64-gnu'
48 silly reify ]
49 verbose reify failed optional dependency D:\Code\Antonio\miro\antonio-board\node_modules\lightningcss-linux-arm64-musl
50 silly reify mark deleted [
50 silly reify   'D:\\Code\\Antonio\\miro\\antonio-board\\node_modules\\lightningcss-linux-arm64-musl'
50 silly reify ]
51 verbose reify failed optional dependency D:\Code\Antonio\miro\antonio-board\node_modules\lightningcss-linux-arm64-gnu
52 silly reify mark deleted [
52 silly reify   'D:\\Code\\Antonio\\miro\\antonio-board\\node_modules\\lightningcss-linux-arm64-gnu'
52 silly reify ]
53 verbose reify failed optional dependency D:\Code\Antonio\miro\antonio-board\node_modules\lightningcss-linux-arm-gnueabihf
54 silly reify mark deleted [
54 silly reify   'D:\\Code\\Antonio\\miro\\antonio-board\\node_modules\\lightningcss-linux-arm-gnueabihf'
54 silly reify ]
55 verbose reify failed optional dependency D:\Code\Antonio\miro\antonio-board\node_modules\lightningcss-freebsd-x64
56 silly reify mark deleted [
56 silly reify   'D:\\Code\\Antonio\\miro\\antonio-board\\node_modules\\lightningcss-freebsd-x64'
56 silly reify ]
57 verbose reify failed optional dependency D:\Code\Antonio\miro\antonio-board\node_modules\lightningcss-darwin-x64
58 silly reify mark deleted [
58 silly reify   'D:\\Code\\Antonio\\miro\\antonio-board\\node_modules\\lightningcss-darwin-x64'
58 silly reify ]
59 verbose reify failed optional dependency D:\Code\Antonio\miro\antonio-board\node_modules\lightningcss-darwin-arm64
60 silly reify mark deleted [
60 silly reify   'D:\\Code\\Antonio\\miro\\antonio-board\\node_modules\\lightningcss-darwin-arm64'
60 silly reify ]
61 verbose reify failed optional dependency D:\Code\Antonio\miro\antonio-board\node_modules\@tailwindcss\oxide-win32-arm64-msvc
62 silly reify mark deleted [
62 silly reify   'D:\\Code\\Antonio\\miro\\antonio-board\\node_modules\\@tailwindcss\\oxide-win32-arm64-msvc'
62 silly reify ]
63 verbose reify failed optional dependency D:\Code\Antonio\miro\antonio-board\node_modules\@tailwindcss\oxide-linux-x64-musl
64 silly reify mark deleted [
64 silly reify   'D:\\Code\\Antonio\\miro\\antonio-board\\node_modules\\@tailwindcss\\oxide-linux-x64-musl'
64 silly reify ]
65 verbose reify failed optional dependency D:\Code\Antonio\miro\antonio-board\node_modules\@tailwindcss\oxide-linux-x64-gnu
66 silly reify mark deleted [
66 silly reify   'D:\\Code\\Antonio\\miro\\antonio-board\\node_modules\\@tailwindcss\\oxide-linux-x64-gnu'
66 silly reify ]
67 verbose reify failed optional dependency D:\Code\Antonio\miro\antonio-board\node_modules\@tailwindcss\oxide-linux-arm64-musl
68 silly reify mark deleted [
68 silly reify   'D:\\Code\\Antonio\\miro\\antonio-board\\node_modules\\@tailwindcss\\oxide-linux-arm64-musl'
68 silly reify ]
69 verbose reify failed optional dependency D:\Code\Antonio\miro\antonio-board\node_modules\@tailwindcss\oxide-linux-arm64-gnu
70 silly reify mark deleted [
70 silly reify   'D:\\Code\\Antonio\\miro\\antonio-board\\node_modules\\@tailwindcss\\oxide-linux-arm64-gnu'
70 silly reify ]
71 verbose reify failed optional dependency D:\Code\Antonio\miro\antonio-board\node_modules\@tailwindcss\oxide-linux-arm-gnueabihf
72 silly reify mark deleted [
72 silly reify   'D:\\Code\\Antonio\\miro\\antonio-board\\node_modules\\@tailwindcss\\oxide-linux-arm-gnueabihf'
72 silly reify ]
73 verbose reify failed optional dependency D:\Code\Antonio\miro\antonio-board\node_modules\@tailwindcss\oxide-freebsd-x64
74 silly reify mark deleted [
74 silly reify   'D:\\Code\\Antonio\\miro\\antonio-board\\node_modules\\@tailwindcss\\oxide-freebsd-x64'
74 silly reify ]
75 verbose reify failed optional dependency D:\Code\Antonio\miro\antonio-board\node_modules\@tailwindcss\oxide-darwin-x64
76 silly reify mark deleted [
76 silly reify   'D:\\Code\\Antonio\\miro\\antonio-board\\node_modules\\@tailwindcss\\oxide-darwin-x64'
76 silly reify ]
77 verbose reify failed optional dependency D:\Code\Antonio\miro\antonio-board\node_modules\@tailwindcss\oxide-darwin-arm64
78 silly reify mark deleted [
78 silly reify   'D:\\Code\\Antonio\\miro\\antonio-board\\node_modules\\@tailwindcss\\oxide-darwin-arm64'
78 silly reify ]
79 verbose reify failed optional dependency D:\Code\Antonio\miro\antonio-board\node_modules\@tailwindcss\oxide-android-arm64
80 silly reify mark deleted [
80 silly reify   'D:\\Code\\Antonio\\miro\\antonio-board\\node_modules\\@tailwindcss\\oxide-android-arm64'
80 silly reify ]
81 verbose reify failed optional dependency D:\Code\Antonio\miro\antonio-board\node_modules\@next\swc-win32-arm64-msvc
82 silly reify mark deleted [
82 silly reify   'D:\\Code\\Antonio\\miro\\antonio-board\\node_modules\\@next\\swc-win32-arm64-msvc'
82 silly reify ]
83 verbose reify failed optional dependency D:\Code\Antonio\miro\antonio-board\node_modules\@next\swc-linux-x64-musl
84 silly reify mark deleted [
84 silly reify   'D:\\Code\\Antonio\\miro\\antonio-board\\node_modules\\@next\\swc-linux-x64-musl'
84 silly reify ]
85 verbose reify failed optional dependency D:\Code\Antonio\miro\antonio-board\node_modules\@next\swc-linux-x64-gnu
86 silly reify mark deleted [
86 silly reify   'D:\\Code\\Antonio\\miro\\antonio-board\\node_modules\\@next\\swc-linux-x64-gnu'
86 silly reify ]
87 verbose reify failed optional dependency D:\Code\Antonio\miro\antonio-board\node_modules\@next\swc-linux-arm64-musl
88 silly reify mark deleted [
88 silly reify   'D:\\Code\\Antonio\\miro\\antonio-board\\node_modules\\@next\\swc-linux-arm64-musl'
88 silly reify ]
89 verbose reify failed optional dependency D:\Code\Antonio\miro\antonio-board\node_modules\@next\swc-linux-arm64-gnu
90 silly reify mark deleted [
90 silly reify   'D:\\Code\\Antonio\\miro\\antonio-board\\node_modules\\@next\\swc-linux-arm64-gnu'
90 silly reify ]
91 verbose reify failed optional dependency D:\Code\Antonio\miro\antonio-board\node_modules\@next\swc-darwin-x64
92 silly reify mark deleted [
92 silly reify   'D:\\Code\\Antonio\\miro\\antonio-board\\node_modules\\@next\\swc-darwin-x64'
92 silly reify ]
93 verbose reify failed optional dependency D:\Code\Antonio\miro\antonio-board\node_modules\@next\swc-darwin-arm64
94 silly reify mark deleted [
94 silly reify   'D:\\Code\\Antonio\\miro\\antonio-board\\node_modules\\@next\\swc-darwin-arm64'
94 silly reify ]
95 verbose reify failed optional dependency D:\Code\Antonio\miro\antonio-board\node_modules\@img\sharp-win32-ia32
96 silly reify mark deleted [
96 silly reify   'D:\\Code\\Antonio\\miro\\antonio-board\\node_modules\\@img\\sharp-win32-ia32'
96 silly reify ]
97 verbose reify failed optional dependency D:\Code\Antonio\miro\antonio-board\node_modules\@img\sharp-wasm32
98 silly reify mark deleted [
98 silly reify   'D:\\Code\\Antonio\\miro\\antonio-board\\node_modules\\@img\\sharp-wasm32'
98 silly reify ]
99 verbose reify failed optional dependency D:\Code\Antonio\miro\antonio-board\node_modules\@emnapi\runtime
100 silly reify mark deleted [
100 silly reify   'D:\\Code\\Antonio\\miro\\antonio-board\\node_modules\\@emnapi\\runtime'
100 silly reify ]
101 verbose reify failed optional dependency D:\Code\Antonio\miro\antonio-board\node_modules\@img\sharp-linuxmusl-x64
102 silly reify mark deleted [
102 silly reify   'D:\\Code\\Antonio\\miro\\antonio-board\\node_modules\\@img\\sharp-linuxmusl-x64'
102 silly reify ]
103 verbose reify failed optional dependency D:\Code\Antonio\miro\antonio-board\node_modules\@img\sharp-linuxmusl-arm64
104 silly reify mark deleted [
104 silly reify   'D:\\Code\\Antonio\\miro\\antonio-board\\node_modules\\@img\\sharp-linuxmusl-arm64'
104 silly reify ]
105 verbose reify failed optional dependency D:\Code\Antonio\miro\antonio-board\node_modules\@img\sharp-linux-x64
106 silly reify mark deleted [
106 silly reify   'D:\\Code\\Antonio\\miro\\antonio-board\\node_modules\\@img\\sharp-linux-x64'
106 silly reify ]
107 verbose reify failed optional dependency D:\Code\Antonio\miro\antonio-board\node_modules\@img\sharp-linux-s390x
108 silly reify mark deleted [
108 silly reify   'D:\\Code\\Antonio\\miro\\antonio-board\\node_modules\\@img\\sharp-linux-s390x'
108 silly reify ]
109 verbose reify failed optional dependency D:\Code\Antonio\miro\antonio-board\node_modules\@img\sharp-linux-arm64
110 silly reify mark deleted [
110 silly reify   'D:\\Code\\Antonio\\miro\\antonio-board\\node_modules\\@img\\sharp-linux-arm64'
110 silly reify ]
111 verbose reify failed optional dependency D:\Code\Antonio\miro\antonio-board\node_modules\@img\sharp-linux-arm
112 silly reify mark deleted [
112 silly reify   'D:\\Code\\Antonio\\miro\\antonio-board\\node_modules\\@img\\sharp-linux-arm'
112 silly reify ]
113 verbose reify failed optional dependency D:\Code\Antonio\miro\antonio-board\node_modules\@img\sharp-libvips-linuxmusl-x64
114 silly reify mark deleted [
114 silly reify   'D:\\Code\\Antonio\\miro\\antonio-board\\node_modules\\@img\\sharp-libvips-linuxmusl-x64'
114 silly reify ]
115 verbose reify failed optional dependency D:\Code\Antonio\miro\antonio-board\node_modules\@img\sharp-libvips-linuxmusl-arm64
116 silly reify mark deleted [
116 silly reify   'D:\\Code\\Antonio\\miro\\antonio-board\\node_modules\\@img\\sharp-libvips-linuxmusl-arm64'
116 silly reify ]
117 verbose reify failed optional dependency D:\Code\Antonio\miro\antonio-board\node_modules\@img\sharp-libvips-linux-x64
118 silly reify mark deleted [
118 silly reify   'D:\\Code\\Antonio\\miro\\antonio-board\\node_modules\\@img\\sharp-libvips-linux-x64'
118 silly reify ]
119 verbose reify failed optional dependency D:\Code\Antonio\miro\antonio-board\node_modules\@img\sharp-libvips-linux-s390x
120 silly reify mark deleted [
120 silly reify   'D:\\Code\\Antonio\\miro\\antonio-board\\node_modules\\@img\\sharp-libvips-linux-s390x'
120 silly reify ]
121 verbose reify failed optional dependency D:\Code\Antonio\miro\antonio-board\node_modules\@img\sharp-libvips-linux-arm64
122 silly reify mark deleted [
122 silly reify   'D:\\Code\\Antonio\\miro\\antonio-board\\node_modules\\@img\\sharp-libvips-linux-arm64'
122 silly reify ]
123 verbose reify failed optional dependency D:\Code\Antonio\miro\antonio-board\node_modules\@img\sharp-libvips-linux-arm
124 silly reify mark deleted [
124 silly reify   'D:\\Code\\Antonio\\miro\\antonio-board\\node_modules\\@img\\sharp-libvips-linux-arm'
124 silly reify ]
125 verbose reify failed optional dependency D:\Code\Antonio\miro\antonio-board\node_modules\@img\sharp-libvips-darwin-x64
126 silly reify mark deleted [
126 silly reify   'D:\\Code\\Antonio\\miro\\antonio-board\\node_modules\\@img\\sharp-libvips-darwin-x64'
126 silly reify ]
127 verbose reify failed optional dependency D:\Code\Antonio\miro\antonio-board\node_modules\@img\sharp-libvips-darwin-arm64
128 silly reify mark deleted [
128 silly reify   'D:\\Code\\Antonio\\miro\\antonio-board\\node_modules\\@img\\sharp-libvips-darwin-arm64'
128 silly reify ]
129 verbose reify failed optional dependency D:\Code\Antonio\miro\antonio-board\node_modules\@img\sharp-darwin-x64
130 silly reify mark deleted [
130 silly reify   'D:\\Code\\Antonio\\miro\\antonio-board\\node_modules\\@img\\sharp-darwin-x64'
130 silly reify ]
131 verbose reify failed optional dependency D:\Code\Antonio\miro\antonio-board\node_modules\@img\sharp-darwin-arm64
132 silly reify mark deleted [
132 silly reify   'D:\\Code\\Antonio\\miro\\antonio-board\\node_modules\\@img\\sharp-darwin-arm64'
132 silly reify ]
133 http cache @emnapi/runtime@https://registry.npmjs.org/@emnapi/runtime/-/runtime-1.3.1.tgz 0ms (cache hit)
134 http cache @radix-ui/react-compose-refs@https://registry.npmjs.org/@radix-ui/react-compose-refs/-/react-compose-refs-1.1.1.tgz 0ms (cache hit)
135 http cache @radix-ui/react-slot@https://registry.npmjs.org/@radix-ui/react-slot/-/react-slot-1.1.2.tgz 0ms (cache hit)
136 silly tarball no local data for @radix-ui/react-compose-refs@https://registry.npmjs.org/@radix-ui/react-compose-refs/-/react-compose-refs-1.1.1.tgz. Extracting by manifest.
137 silly tarball no local data for @radix-ui/react-slot@https://registry.npmjs.org/@radix-ui/react-slot/-/react-slot-1.1.2.tgz. Extracting by manifest.
138 http fetch GET 200 https://registry.npmjs.org/@radix-ui/react-compose-refs/-/react-compose-refs-1.1.1.tgz 113ms (cache miss)
139 http fetch GET 200 https://registry.npmjs.org/@radix-ui/react-slot/-/react-slot-1.1.2.tgz 128ms (cache miss)
140 http fetch POST 200 https://registry.npmjs.org/-/npm/v1/security/advisories/bulk 260ms
141 silly audit report {}
142 silly ADD node_modules/@radix-ui/react-compose-refs
143 silly ADD node_modules/@radix-ui/react-slot
144 silly ADD
145 silly ADD
146 silly ADD
147 silly ADD
148 silly ADD
149 silly ADD
150 silly ADD
151 silly ADD
152 silly ADD
153 silly ADD
154 silly ADD
155 silly ADD
156 silly ADD
157 silly ADD
158 silly ADD
159 silly ADD
160 silly ADD
161 silly ADD
162 silly ADD
163 silly ADD
164 silly ADD
165 silly ADD
166 silly ADD
167 silly ADD
168 silly ADD
169 silly ADD
170 silly ADD
171 silly ADD
172 silly ADD
173 silly ADD
174 silly ADD
175 silly ADD
176 silly ADD
177 silly ADD
178 silly ADD
179 silly ADD
180 silly ADD
181 silly ADD
182 silly ADD
183 silly ADD
184 silly ADD
185 silly ADD
186 silly ADD
187 silly ADD
188 silly ADD
189 verbose cwd D:\Code\Antonio\miro\antonio-board
190 verbose os Windows_NT 10.0.22631
191 verbose node v22.13.0
192 verbose npm  v11.1.0
193 verbose exit 0
194 info ok
