0 verbose cli C:\Program Files\nodejs\node.exe C:\Program Files\nodejs\node_global\node_modules\npm\bin\npm-cli.js
1 info using npm@11.1.0
2 info using node@v22.13.0
3 silly config load:file:C:\Program Files\nodejs\node_global\node_modules\npm\npmrc
4 silly config load:file:D:\Code\Antonio\miro\antonio-board\.npmrc
5 silly config load:file:C:\Users\wwjov\.npmrc
6 silly config load:file:C:\Program Files\nodejs\node_global\etc\npmrc
7 verbose title npm install tailwindcss-animate class-variance-authority lucide-react clsx tailwind-merge
8 verbose argv "install" "--force" "tailwindcss-animate" "class-variance-authority" "lucide-react" "clsx" "tailwind-merge"
9 verbose logfile logs-max:10 dir:D:\Code\Antonio\miro\antonio-board\%USERPROFILE%\npm-cache\_logs\2025-03-09T22_54_19_898Z-
10 verbose logfile D:\Code\Antonio\miro\antonio-board\%USERPROFILE%\npm-cache\_logs\2025-03-09T22_54_19_898Z-debug-0.log
11 warn using --force Recommended protections disabled.
12 silly logfile done cleaning log files
13 silly packumentCache heap:4345298944 maxSize:1086324736 maxEntrySize:543162368
14 silly idealTree buildDeps
15 silly fetch manifest tailwindcss-animate@*
16 silly packumentCache full:https://registry.npmjs.org/tailwindcss-animate cache-miss
17 http fetch GET 200 https://registry.npmjs.org/tailwindcss-animate 161ms (cache miss)
18 silly packumentCache full:https://registry.npmjs.org/tailwindcss-animate set size:undefined disposed:false
19 silly fetch manifest tailwindcss@^4
20 silly packumentCache full:https://registry.npmjs.org/tailwindcss cache-miss
21 http fetch GET 200 https://registry.npmjs.org/tailwindcss 152ms (cache miss)
22 silly packumentCache full:https://registry.npmjs.org/tailwindcss set size:undefined disposed:false
23 silly fetch manifest class-variance-authority@*
24 silly packumentCache full:https://registry.npmjs.org/class-variance-authority cache-miss
25 http fetch GET 200 https://registry.npmjs.org/class-variance-authority 39ms (cache miss)
26 silly packumentCache full:https://registry.npmjs.org/class-variance-authority set size:undefined disposed:false
27 silly fetch manifest lucide-react@*
28 silly packumentCache full:https://registry.npmjs.org/lucide-react cache-miss
29 http fetch GET 200 https://registry.npmjs.org/lucide-react 52ms (cache miss)
30 silly packumentCache full:https://registry.npmjs.org/lucide-react set size:undefined disposed:false
31 silly fetch manifest react@^19.0.0
32 silly packumentCache full:https://registry.npmjs.org/react cache-miss
33 http fetch GET 200 https://registry.npmjs.org/react 119ms (cache miss)
34 silly packumentCache full:https://registry.npmjs.org/react set size:undefined disposed:false
35 silly fetch manifest clsx@*
36 silly packumentCache full:https://registry.npmjs.org/clsx cache-miss
37 http fetch GET 200 https://registry.npmjs.org/clsx 37ms (cache miss)
38 silly packumentCache full:https://registry.npmjs.org/clsx set size:undefined disposed:false
39 silly fetch manifest tailwind-merge@*
40 silly packumentCache full:https://registry.npmjs.org/tailwind-merge cache-miss
41 http fetch GET 200 https://registry.npmjs.org/tailwind-merge 54ms (cache miss)
42 silly packumentCache full:https://registry.npmjs.org/tailwind-merge set size:undefined disposed:false
43 silly placeDep ROOT class-variance-authority@0.7.1 OK for: antonio-board@0.1.0 want: *
44 silly placeDep ROOT clsx@2.1.1 OK for: antonio-board@0.1.0 want: *
45 silly placeDep ROOT lucide-react@0.479.0 OK for: antonio-board@0.1.0 want: *
46 silly placeDep ROOT tailwind-merge@3.0.2 OK for: antonio-board@0.1.0 want: *
47 silly placeDep ROOT tailwindcss-animate@1.0.7 OK for: antonio-board@0.1.0 want: *
48 silly fetch manifest clsx@^2.1.1
49 silly packumentCache full:https://registry.npmjs.org/clsx cache-miss
50 http cache https://registry.npmjs.org/clsx 10ms (cache hit)
51 silly packumentCache full:https://registry.npmjs.org/clsx set size:42489 disposed:false
52 silly reify moves {}
53 silly audit bulk request {
53 silly audit   '@alloc/quick-lru': [ '5.2.0' ],
53 silly audit   '@emnapi/runtime': [ '1.3.1' ],
53 silly audit   '@eslint-community/eslint-utils': [ '4.4.1' ],
53 silly audit   'eslint-visitor-keys': [ '3.4.3', '4.2.0' ],
53 silly audit   '@eslint-community/regexpp': [ '4.12.1' ],
53 silly audit   '@eslint/config-array': [ '0.19.2' ],
53 silly audit   '@eslint/config-helpers': [ '0.1.0' ],
53 silly audit   '@eslint/core': [ '0.12.0' ],
53 silly audit   '@eslint/eslintrc': [ '3.3.0' ],
53 silly audit   '@eslint/js': [ '9.22.0' ],
53 silly audit   '@eslint/object-schema': [ '2.1.6' ],
53 silly audit   '@eslint/plugin-kit': [ '0.2.7' ],
53 silly audit   '@humanfs/core': [ '0.19.1' ],
53 silly audit   '@humanfs/node': [ '0.16.6' ],
53 silly audit   '@humanwhocodes/retry': [ '0.3.1', '0.4.2' ],
53 silly audit   '@humanwhocodes/module-importer': [ '1.0.1' ],
53 silly audit   '@img/sharp-darwin-arm64': [ '0.33.5' ],
53 silly audit   '@img/sharp-darwin-x64': [ '0.33.5' ],
53 silly audit   '@img/sharp-libvips-darwin-arm64': [ '1.0.4' ],
53 silly audit   '@img/sharp-libvips-darwin-x64': [ '1.0.4' ],
53 silly audit   '@img/sharp-libvips-linux-arm': [ '1.0.5' ],
53 silly audit   '@img/sharp-libvips-linux-arm64': [ '1.0.4' ],
53 silly audit   '@img/sharp-libvips-linux-s390x': [ '1.0.4' ],
53 silly audit   '@img/sharp-libvips-linux-x64': [ '1.0.4' ],
53 silly audit   '@img/sharp-libvips-linuxmusl-arm64': [ '1.0.4' ],
53 silly audit   '@img/sharp-libvips-linuxmusl-x64': [ '1.0.4' ],
53 silly audit   '@img/sharp-linux-arm': [ '0.33.5' ],
53 silly audit   '@img/sharp-linux-arm64': [ '0.33.5' ],
53 silly audit   '@img/sharp-linux-s390x': [ '0.33.5' ],
53 silly audit   '@img/sharp-linux-x64': [ '0.33.5' ],
53 silly audit   '@img/sharp-linuxmusl-arm64': [ '0.33.5' ],
53 silly audit   '@img/sharp-linuxmusl-x64': [ '0.33.5' ],
53 silly audit   '@img/sharp-wasm32': [ '0.33.5' ],
53 silly audit   '@img/sharp-win32-ia32': [ '0.33.5' ],
53 silly audit   '@img/sharp-win32-x64': [ '0.33.5' ],
53 silly audit   '@next/env': [ '15.2.1' ],
53 silly audit   '@next/eslint-plugin-next': [ '15.2.1' ],
53 silly audit   '@next/swc-darwin-arm64': [ '15.2.1' ],
53 silly audit   '@next/swc-darwin-x64': [ '15.2.1' ],
53 silly audit   '@next/swc-linux-arm64-gnu': [ '15.2.1' ],
53 silly audit   '@next/swc-linux-arm64-musl': [ '15.2.1' ],
53 silly audit   '@next/swc-linux-x64-gnu': [ '15.2.1' ],
53 silly audit   '@next/swc-linux-x64-musl': [ '15.2.1' ],
53 silly audit   '@next/swc-win32-arm64-msvc': [ '15.2.1' ],
53 silly audit   '@next/swc-win32-x64-msvc': [ '15.2.1' ],
53 silly audit   '@nodelib/fs.scandir': [ '2.1.5' ],
53 silly audit   '@nodelib/fs.stat': [ '2.0.5' ],
53 silly audit   '@nodelib/fs.walk': [ '1.2.8' ],
53 silly audit   '@nolyfill/is-core-module': [ '1.0.39' ],
53 silly audit   '@rtsao/scc': [ '1.1.0' ],
53 silly audit   '@rushstack/eslint-patch': [ '1.10.5' ],
53 silly audit   '@swc/counter': [ '0.1.3' ],
53 silly audit   '@swc/helpers': [ '0.5.15' ],
53 silly audit   '@tailwindcss/node': [ '4.0.12' ],
53 silly audit   '@tailwindcss/oxide': [ '4.0.12' ],
53 silly audit   '@tailwindcss/oxide-android-arm64': [ '4.0.12' ],
53 silly audit   '@tailwindcss/oxide-darwin-arm64': [ '4.0.12' ],
53 silly audit   '@tailwindcss/oxide-darwin-x64': [ '4.0.12' ],
53 silly audit   '@tailwindcss/oxide-freebsd-x64': [ '4.0.12' ],
53 silly audit   '@tailwindcss/oxide-linux-arm-gnueabihf': [ '4.0.12' ],
53 silly audit   '@tailwindcss/oxide-linux-arm64-gnu': [ '4.0.12' ],
53 silly audit   '@tailwindcss/oxide-linux-arm64-musl': [ '4.0.12' ],
53 silly audit   '@tailwindcss/oxide-linux-x64-gnu': [ '4.0.12' ],
53 silly audit   '@tailwindcss/oxide-linux-x64-musl': [ '4.0.12' ],
53 silly audit   '@tailwindcss/oxide-win32-arm64-msvc': [ '4.0.12' ],
53 silly audit   '@tailwindcss/oxide-win32-x64-msvc': [ '4.0.12' ],
53 silly audit   '@tailwindcss/postcss': [ '4.0.12' ],
53 silly audit   '@types/estree': [ '1.0.6' ],
53 silly audit   '@types/json-schema': [ '7.0.15' ],
53 silly audit   '@types/json5': [ '0.0.29' ],
53 silly audit   '@types/node': [ '20.17.24' ],
53 silly audit   '@types/react': [ '19.0.10' ],
53 silly audit   '@types/react-dom': [ '19.0.4' ],
53 silly audit   '@typescript-eslint/eslint-plugin': [ '8.26.0' ],
53 silly audit   '@typescript-eslint/parser': [ '8.26.0' ],
53 silly audit   '@typescript-eslint/scope-manager': [ '8.26.0' ],
53 silly audit   '@typescript-eslint/type-utils': [ '8.26.0' ],
53 silly audit   '@typescript-eslint/types': [ '8.26.0' ],
53 silly audit   '@typescript-eslint/typescript-estree': [ '8.26.0' ],
53 silly audit   'brace-expansion': [ '2.0.1', '1.1.11' ],
53 silly audit   'fast-glob': [ '3.3.3', '3.3.1' ],
53 silly audit   'glob-parent': [ '5.1.2', '6.0.2' ],
53 silly audit   minimatch: [ '9.0.5', '3.1.2' ],
53 silly audit   '@typescript-eslint/utils': [ '8.26.0' ],
53 silly audit   '@typescript-eslint/visitor-keys': [ '8.26.0' ],
53 silly audit   acorn: [ '8.14.1' ],
53 silly audit   'acorn-jsx': [ '5.3.2' ],
53 silly audit   ajv: [ '6.12.6' ],
53 silly audit   'ansi-styles': [ '4.3.0' ],
53 silly audit   argparse: [ '2.0.1' ],
53 silly audit   'aria-query': [ '5.3.2' ],
53 silly audit   'array-buffer-byte-length': [ '1.0.2' ],
53 silly audit   'array-includes': [ '3.1.8' ],
53 silly audit   'array.prototype.findlast': [ '1.2.5' ],
53 silly audit   'array.prototype.findlastindex': [ '1.2.5' ],
53 silly audit   'array.prototype.flat': [ '1.3.3' ],
53 silly audit   'array.prototype.flatmap': [ '1.3.3' ],
53 silly audit   'array.prototype.tosorted': [ '1.1.4' ],
53 silly audit   'arraybuffer.prototype.slice': [ '1.0.4' ],
53 silly audit   'ast-types-flow': [ '0.0.8' ],
53 silly audit   'async-function': [ '1.0.0' ],
53 silly audit   'available-typed-arrays': [ '1.0.7' ],
53 silly audit   'axe-core': [ '4.10.3' ],
53 silly audit   'axobject-query': [ '4.1.0' ],
53 silly audit   'balanced-match': [ '1.0.2' ],
53 silly audit   braces: [ '3.0.3' ],
53 silly audit   busboy: [ '1.6.0' ],
53 silly audit   'call-bind': [ '1.0.8' ],
53 silly audit   'call-bind-apply-helpers': [ '1.0.2' ],
53 silly audit   'call-bound': [ '1.0.4' ],
53 silly audit   callsites: [ '3.1.0' ],
53 silly audit   'caniuse-lite': [ '1.0.30001703' ],
53 silly audit   chalk: [ '4.1.2' ],
53 silly audit   'client-only': [ '0.0.1' ],
53 silly audit   color: [ '4.2.3' ],
53 silly audit   'color-convert': [ '2.0.1' ],
53 silly audit   'color-name': [ '1.1.4' ],
53 silly audit   'color-string': [ '1.9.1' ],
53 silly audit   'concat-map': [ '0.0.1' ],
53 silly audit   'cross-spawn': [ '7.0.6' ],
53 silly audit   csstype: [ '3.1.3' ],
53 silly audit   'damerau-levenshtein': [ '1.0.8' ],
53 silly audit   'data-view-buffer': [ '1.0.2' ],
53 silly audit   'data-view-byte-length': [ '1.0.2' ],
53 silly audit   'data-view-byte-offset': [ '1.0.1' ],
53 silly audit   debug: [ '4.4.0', '3.2.7' ],
53 silly audit   'deep-is': [ '0.1.4' ],
53 silly audit   'define-data-property': [ '1.1.4' ],
53 silly audit   'define-properties': [ '1.2.1' ],
53 silly audit   'detect-libc': [ '2.0.3' ],
53 silly audit   doctrine: [ '2.1.0' ],
53 silly audit   'dunder-proto': [ '1.0.1' ],
53 silly audit   'emoji-regex': [ '9.2.2' ],
53 silly audit   'enhanced-resolve': [ '5.18.1' ],
53 silly audit   'es-abstract': [ '1.23.9' ],
53 silly audit   'es-define-property': [ '1.0.1' ],
53 silly audit   'es-errors': [ '1.3.0' ],
53 silly audit   'es-iterator-helpers': [ '1.2.1' ],
53 silly audit   'es-object-atoms': [ '1.1.1' ],
53 silly audit   'es-set-tostringtag': [ '2.1.0' ],
53 silly audit   'es-shim-unscopables': [ '1.1.0' ],
53 silly audit   'es-to-primitive': [ '1.3.0' ],
53 silly audit   'escape-string-regexp': [ '4.0.0' ],
53 silly audit   eslint: [ '9.22.0' ],
53 silly audit   'eslint-config-next': [ '15.2.1' ],
53 silly audit   'eslint-import-resolver-node': [ '0.3.9' ],
53 silly audit   'eslint-import-resolver-typescript': [ '3.8.3' ],
53 silly audit   'eslint-module-utils': [ '2.12.0' ],
53 silly audit   'eslint-plugin-import': [ '2.31.0' ],
53 silly audit   semver: [ '6.3.1', '7.7.1' ],
53 silly audit   'eslint-plugin-jsx-a11y': [ '6.10.2' ],
53 silly audit   'eslint-plugin-react': [ '7.37.4' ],
53 silly audit   'eslint-plugin-react-hooks': [ '5.2.0' ],
53 silly audit   resolve: [ '2.0.0-next.5', '1.22.10' ],
53 silly audit   'eslint-scope': [ '8.3.0' ],
53 silly audit   espree: [ '10.3.0' ],
53 silly audit   esquery: [ '1.6.0' ],
53 silly audit   esrecurse: [ '4.3.0' ],
53 silly audit   estraverse: [ '5.3.0' ],
53 silly audit   esutils: [ '2.0.3' ],
53 silly audit   'fast-deep-equal': [ '3.1.3' ],
53 silly audit   'fast-json-stable-stringify': [ '2.1.0' ],
53 silly audit   'fast-levenshtein': [ '2.0.6' ],
53 silly audit   fastq: [ '1.19.1' ],
53 silly audit   'file-entry-cache': [ '8.0.0' ],
53 silly audit   'fill-range': [ '7.1.1' ],
53 silly audit   'find-up': [ '5.0.0' ],
53 silly audit   'flat-cache': [ '4.0.1' ],
53 silly audit   flatted: [ '3.3.3' ],
53 silly audit   'for-each': [ '0.3.5' ],
53 silly audit   'function-bind': [ '1.1.2' ],
53 silly audit   'function.prototype.name': [ '1.1.8' ],
53 silly audit   'functions-have-names': [ '1.2.3' ],
53 silly audit   'get-intrinsic': [ '1.3.0' ],
53 silly audit   'get-proto': [ '1.0.1' ],
53 silly audit   'get-symbol-description': [ '1.1.0' ],
53 silly audit   'get-tsconfig': [ '4.10.0' ],
53 silly audit   globals: [ '14.0.0' ],
53 silly audit   globalthis: [ '1.0.4' ],
53 silly audit   gopd: [ '1.2.0' ],
53 silly audit   'graceful-fs': [ '4.2.11' ],
53 silly audit   graphemer: [ '1.4.0' ],
53 silly audit   'has-bigints': [ '1.1.0' ],
53 silly audit   'has-flag': [ '4.0.0' ],
53 silly audit   'has-property-descriptors': [ '1.0.2' ],
53 silly audit   'has-proto': [ '1.2.0' ],
53 silly audit   'has-symbols': [ '1.1.0' ],
53 silly audit   'has-tostringtag': [ '1.0.2' ],
53 silly audit   hasown: [ '2.0.2' ],
53 silly audit   ignore: [ '5.3.2' ],
53 silly audit   'import-fresh': [ '3.3.1' ],
53 silly audit   imurmurhash: [ '0.1.4' ],
53 silly audit   'internal-slot': [ '1.1.0' ],
53 silly audit   'is-array-buffer': [ '3.0.5' ],
53 silly audit   'is-arrayish': [ '0.3.2' ],
53 silly audit   'is-async-function': [ '2.1.1' ],
53 silly audit   'is-bigint': [ '1.1.0' ],
53 silly audit   'is-boolean-object': [ '1.2.2' ],
53 silly audit   'is-bun-module': [ '1.3.0' ],
53 silly audit   'is-callable': [ '1.2.7' ],
53 silly audit   'is-core-module': [ '2.16.1' ],
53 silly audit   'is-data-view': [ '1.0.2' ],
53 silly audit   'is-date-object': [ '1.1.0' ],
53 silly audit   'is-extglob': [ '2.1.1' ],
53 silly audit   'is-finalizationregistry': [ '1.1.1' ],
53 silly audit   'is-generator-function': [ '1.1.0' ],
53 silly audit   'is-glob': [ '4.0.3' ],
53 silly audit   'is-map': [ '2.0.3' ],
53 silly audit   'is-number': [ '7.0.0' ],
53 silly audit   'is-number-object': [ '1.1.1' ],
53 silly audit   'is-regex': [ '1.2.1' ],
53 silly audit   'is-set': [ '2.0.3' ],
53 silly audit   'is-shared-array-buffer': [ '1.0.4' ],
53 silly audit   'is-string': [ '1.1.1' ],
53 silly audit   'is-symbol': [ '1.1.1' ],
53 silly audit   'is-typed-array': [ '1.1.15' ],
53 silly audit   'is-weakmap': [ '2.0.2' ],
53 silly audit   'is-weakref': [ '1.1.1' ],
53 silly audit   'is-weakset': [ '2.0.4' ],
53 silly audit   isarray: [ '2.0.5' ],
53 silly audit   isexe: [ '2.0.0' ],
53 silly audit   'iterator.prototype': [ '1.1.5' ],
53 silly audit   jiti: [ '2.4.2' ],
53 silly audit   'js-tokens': [ '4.0.0' ],
53 silly audit   'js-yaml': [ '4.1.0' ],
53 silly audit   'json-buffer': [ '3.0.1' ],
53 silly audit   'json-schema-traverse': [ '0.4.1' ],
53 silly audit   'json-stable-stringify-without-jsonify': [ '1.0.1' ],
53 silly audit   json5: [ '1.0.2' ],
53 silly audit   'jsx-ast-utils': [ '3.3.5' ],
53 silly audit   keyv: [ '4.5.4' ],
53 silly audit   'language-subtag-registry': [ '0.3.23' ],
53 silly audit   'language-tags': [ '1.0.9' ],
53 silly audit   levn: [ '0.4.1' ],
53 silly audit   lightningcss: [ '1.29.2' ],
53 silly audit   'lightningcss-darwin-arm64': [ '1.29.2' ],
53 silly audit   'lightningcss-darwin-x64': [ '1.29.2' ],
53 silly audit   'lightningcss-freebsd-x64': [ '1.29.2' ],
53 silly audit   'lightningcss-linux-arm-gnueabihf': [ '1.29.2' ],
53 silly audit   'lightningcss-linux-arm64-gnu': [ '1.29.2' ],
53 silly audit   'lightningcss-linux-arm64-musl': [ '1.29.2' ],
53 silly audit   'lightningcss-linux-x64-gnu': [ '1.29.2' ],
53 silly audit   'lightningcss-linux-x64-musl': [ '1.29.2' ],
53 silly audit   'lightningcss-win32-arm64-msvc': [ '1.29.2' ],
53 silly audit   'lightningcss-win32-x64-msvc': [ '1.29.2' ],
53 silly audit   'locate-path': [ '6.0.0' ],
53 silly audit   'lodash.merge': [ '4.6.2' ],
53 silly audit   'loose-envify': [ '1.4.0' ],
53 silly audit   'math-intrinsics': [ '1.1.0' ],
53 silly audit   merge2: [ '1.4.1' ],
53 silly audit   micromatch: [ '4.0.8' ],
53 silly audit   minimist: [ '1.2.8' ],
53 silly audit   ms: [ '2.1.3' ],
53 silly audit   nanoid: [ '3.3.9' ],
53 silly audit   'natural-compare': [ '1.4.0' ],
53 silly audit   next: [ '15.2.1' ],
53 silly audit   postcss: [ '8.4.31', '8.5.3' ],
53 silly audit   'object-assign': [ '4.1.1' ],
53 silly audit   'object-inspect': [ '1.13.4' ],
53 silly audit   'object-keys': [ '1.1.1' ],
53 silly audit   'object.assign': [ '4.1.7' ],
53 silly audit   'object.entries': [ '1.1.8' ],
53 silly audit   'object.fromentries': [ '2.0.8' ],
53 silly audit   'object.groupby': [ '1.0.3' ],
53 silly audit   'object.values': [ '1.2.1' ],
53 silly audit   optionator: [ '0.9.4' ],
53 silly audit   'own-keys': [ '1.0.1' ],
53 silly audit   'p-limit': [ '3.1.0' ],
53 silly audit   'p-locate': [ '5.0.0' ],
53 silly audit   'parent-module': [ '1.0.1' ],
53 silly audit   'path-exists': [ '4.0.0' ],
53 silly audit   'path-key': [ '3.1.1' ],
53 silly audit   'path-parse': [ '1.0.7' ],
53 silly audit   picocolors: [ '1.1.1' ],
53 silly audit   picomatch: [ '2.3.1', '4.0.2' ],
53 silly audit   'possible-typed-array-names': [ '1.1.0' ],
53 silly audit   'prelude-ls': [ '1.2.1' ],
53 silly audit   'prop-types': [ '15.8.1' ],
53 silly audit   punycode: [ '2.3.1' ],
53 silly audit   'queue-microtask': [ '1.2.3' ],
53 silly audit   react: [ '19.0.0' ],
53 silly audit   'react-dom': [ '19.0.0' ],
53 silly audit   'react-is': [ '16.13.1' ],
53 silly audit   'reflect.getprototypeof': [ '1.0.10' ],
53 silly audit   'regexp.prototype.flags': [ '1.5.4' ],
53 silly audit   'resolve-from': [ '4.0.0' ],
53 silly audit   'resolve-pkg-maps': [ '1.0.0' ],
53 silly audit   reusify: [ '1.1.0' ],
53 silly audit   'run-parallel': [ '1.2.0' ],
53 silly audit   'safe-array-concat': [ '1.1.3' ],
53 silly audit   'safe-push-apply': [ '1.0.0' ],
53 silly audit   'safe-regex-test': [ '1.1.0' ],
53 silly audit   scheduler: [ '0.25.0' ],
53 silly audit   'set-function-length': [ '1.2.2' ],
53 silly audit   'set-function-name': [ '2.0.2' ],
53 silly audit   'set-proto': [ '1.0.0' ],
53 silly audit   sharp: [ '0.33.5' ],
53 silly audit   'shebang-command': [ '2.0.0' ],
53 silly audit   'shebang-regex': [ '3.0.0' ],
53 silly audit   'side-channel': [ '1.1.0' ],
53 silly audit   'side-channel-list': [ '1.0.0' ],
53 silly audit   'side-channel-map': [ '1.0.1' ],
53 silly audit   'side-channel-weakmap': [ '1.0.2' ],
53 silly audit   'simple-swizzle': [ '0.2.2' ],
53 silly audit   'source-map-js': [ '1.2.1' ],
53 silly audit   'stable-hash': [ '0.0.4' ],
53 silly audit   streamsearch: [ '1.1.0' ],
53 silly audit   'string.prototype.includes': [ '2.0.1' ],
53 silly audit   'string.prototype.matchall': [ '4.0.12' ],
53 silly audit   'string.prototype.repeat': [ '1.0.0' ],
53 silly audit   'string.prototype.trim': [ '1.2.10' ],
53 silly audit   'string.prototype.trimend': [ '1.0.9' ],
53 silly audit   'string.prototype.trimstart': [ '1.0.8' ],
53 silly audit   'strip-bom': [ '3.0.0' ],
53 silly audit   'strip-json-comments': [ '3.1.1' ],
53 silly audit   'styled-jsx': [ '5.1.6' ],
53 silly audit   'supports-color': [ '7.2.0' ],
53 silly audit   'supports-preserve-symlinks-flag': [ '1.0.0' ],
53 silly audit   tailwindcss: [ '4.0.12' ],
53 silly audit   tapable: [ '2.2.1' ],
53 silly audit   tinyglobby: [ '0.2.12' ],
53 silly audit   fdir: [ '6.4.3' ],
53 silly audit   'to-regex-range': [ '5.0.1' ],
53 silly audit   'ts-api-utils': [ '2.0.1' ],
53 silly audit   'tsconfig-paths': [ '3.15.0' ],
53 silly audit   tslib: [ '2.8.1' ],
53 silly audit   'type-check': [ '0.4.0' ],
53 silly audit   'typed-array-buffer': [ '1.0.3' ],
53 silly audit   'typed-array-byte-length': [ '1.0.3' ],
53 silly audit   'typed-array-byte-offset': [ '1.0.4' ],
53 silly audit   'typed-array-length': [ '1.0.7' ],
53 silly audit   typescript: [ '5.8.2' ],
53 silly audit   'unbox-primitive': [ '1.1.0' ],
53 silly audit   'undici-types': [ '6.19.8' ],
53 silly audit   'uri-js': [ '4.4.1' ],
53 silly audit   which: [ '2.0.2' ],
53 silly audit   'which-boxed-primitive': [ '1.1.1' ],
53 silly audit   'which-builtin-type': [ '1.2.1' ],
53 silly audit   'which-collection': [ '1.0.2' ],
53 silly audit   'which-typed-array': [ '1.1.19' ],
53 silly audit   'word-wrap': [ '1.2.5' ],
53 silly audit   'yocto-queue': [ '0.1.0' ],
53 silly audit   'class-variance-authority': [ '0.7.1' ],
53 silly audit   clsx: [ '2.1.1' ],
53 silly audit   'lucide-react': [ '0.479.0' ],
53 silly audit   'tailwind-merge': [ '3.0.2' ],
53 silly audit   'tailwindcss-animate': [ '1.0.7' ]
53 silly audit }
54 verbose reify failed optional dependency D:\Code\Antonio\miro\antonio-board\node_modules\lightningcss-win32-arm64-msvc
55 silly reify mark deleted [
55 silly reify   'D:\\Code\\Antonio\\miro\\antonio-board\\node_modules\\lightningcss-win32-arm64-msvc'
55 silly reify ]
56 verbose reify failed optional dependency D:\Code\Antonio\miro\antonio-board\node_modules\lightningcss-linux-x64-musl
57 silly reify mark deleted [
57 silly reify   'D:\\Code\\Antonio\\miro\\antonio-board\\node_modules\\lightningcss-linux-x64-musl'
57 silly reify ]
58 verbose reify failed optional dependency D:\Code\Antonio\miro\antonio-board\node_modules\lightningcss-linux-x64-gnu
59 silly reify mark deleted [
59 silly reify   'D:\\Code\\Antonio\\miro\\antonio-board\\node_modules\\lightningcss-linux-x64-gnu'
59 silly reify ]
60 verbose reify failed optional dependency D:\Code\Antonio\miro\antonio-board\node_modules\lightningcss-linux-arm64-musl
61 silly reify mark deleted [
61 silly reify   'D:\\Code\\Antonio\\miro\\antonio-board\\node_modules\\lightningcss-linux-arm64-musl'
61 silly reify ]
62 verbose reify failed optional dependency D:\Code\Antonio\miro\antonio-board\node_modules\lightningcss-linux-arm64-gnu
63 silly reify mark deleted [
63 silly reify   'D:\\Code\\Antonio\\miro\\antonio-board\\node_modules\\lightningcss-linux-arm64-gnu'
63 silly reify ]
64 verbose reify failed optional dependency D:\Code\Antonio\miro\antonio-board\node_modules\lightningcss-linux-arm-gnueabihf
65 silly reify mark deleted [
65 silly reify   'D:\\Code\\Antonio\\miro\\antonio-board\\node_modules\\lightningcss-linux-arm-gnueabihf'
65 silly reify ]
66 verbose reify failed optional dependency D:\Code\Antonio\miro\antonio-board\node_modules\lightningcss-freebsd-x64
67 silly reify mark deleted [
67 silly reify   'D:\\Code\\Antonio\\miro\\antonio-board\\node_modules\\lightningcss-freebsd-x64'
67 silly reify ]
68 verbose reify failed optional dependency D:\Code\Antonio\miro\antonio-board\node_modules\lightningcss-darwin-x64
69 silly reify mark deleted [
69 silly reify   'D:\\Code\\Antonio\\miro\\antonio-board\\node_modules\\lightningcss-darwin-x64'
69 silly reify ]
70 verbose reify failed optional dependency D:\Code\Antonio\miro\antonio-board\node_modules\lightningcss-darwin-arm64
71 silly reify mark deleted [
71 silly reify   'D:\\Code\\Antonio\\miro\\antonio-board\\node_modules\\lightningcss-darwin-arm64'
71 silly reify ]
72 verbose reify failed optional dependency D:\Code\Antonio\miro\antonio-board\node_modules\@tailwindcss\oxide-win32-arm64-msvc
73 silly reify mark deleted [
73 silly reify   'D:\\Code\\Antonio\\miro\\antonio-board\\node_modules\\@tailwindcss\\oxide-win32-arm64-msvc'
73 silly reify ]
74 verbose reify failed optional dependency D:\Code\Antonio\miro\antonio-board\node_modules\@tailwindcss\oxide-linux-x64-musl
75 silly reify mark deleted [
75 silly reify   'D:\\Code\\Antonio\\miro\\antonio-board\\node_modules\\@tailwindcss\\oxide-linux-x64-musl'
75 silly reify ]
76 verbose reify failed optional dependency D:\Code\Antonio\miro\antonio-board\node_modules\@tailwindcss\oxide-linux-x64-gnu
77 silly reify mark deleted [
77 silly reify   'D:\\Code\\Antonio\\miro\\antonio-board\\node_modules\\@tailwindcss\\oxide-linux-x64-gnu'
77 silly reify ]
78 verbose reify failed optional dependency D:\Code\Antonio\miro\antonio-board\node_modules\@tailwindcss\oxide-linux-arm64-musl
79 silly reify mark deleted [
79 silly reify   'D:\\Code\\Antonio\\miro\\antonio-board\\node_modules\\@tailwindcss\\oxide-linux-arm64-musl'
79 silly reify ]
80 verbose reify failed optional dependency D:\Code\Antonio\miro\antonio-board\node_modules\@tailwindcss\oxide-linux-arm64-gnu
81 silly reify mark deleted [
81 silly reify   'D:\\Code\\Antonio\\miro\\antonio-board\\node_modules\\@tailwindcss\\oxide-linux-arm64-gnu'
81 silly reify ]
82 verbose reify failed optional dependency D:\Code\Antonio\miro\antonio-board\node_modules\@tailwindcss\oxide-linux-arm-gnueabihf
83 silly reify mark deleted [
83 silly reify   'D:\\Code\\Antonio\\miro\\antonio-board\\node_modules\\@tailwindcss\\oxide-linux-arm-gnueabihf'
83 silly reify ]
84 verbose reify failed optional dependency D:\Code\Antonio\miro\antonio-board\node_modules\@tailwindcss\oxide-freebsd-x64
85 silly reify mark deleted [
85 silly reify   'D:\\Code\\Antonio\\miro\\antonio-board\\node_modules\\@tailwindcss\\oxide-freebsd-x64'
85 silly reify ]
86 verbose reify failed optional dependency D:\Code\Antonio\miro\antonio-board\node_modules\@tailwindcss\oxide-darwin-x64
87 silly reify mark deleted [
87 silly reify   'D:\\Code\\Antonio\\miro\\antonio-board\\node_modules\\@tailwindcss\\oxide-darwin-x64'
87 silly reify ]
88 verbose reify failed optional dependency D:\Code\Antonio\miro\antonio-board\node_modules\@tailwindcss\oxide-darwin-arm64
89 silly reify mark deleted [
89 silly reify   'D:\\Code\\Antonio\\miro\\antonio-board\\node_modules\\@tailwindcss\\oxide-darwin-arm64'
89 silly reify ]
90 verbose reify failed optional dependency D:\Code\Antonio\miro\antonio-board\node_modules\@tailwindcss\oxide-android-arm64
91 silly reify mark deleted [
91 silly reify   'D:\\Code\\Antonio\\miro\\antonio-board\\node_modules\\@tailwindcss\\oxide-android-arm64'
91 silly reify ]
92 verbose reify failed optional dependency D:\Code\Antonio\miro\antonio-board\node_modules\@next\swc-win32-arm64-msvc
93 silly reify mark deleted [
93 silly reify   'D:\\Code\\Antonio\\miro\\antonio-board\\node_modules\\@next\\swc-win32-arm64-msvc'
93 silly reify ]
94 verbose reify failed optional dependency D:\Code\Antonio\miro\antonio-board\node_modules\@next\swc-linux-x64-musl
95 silly reify mark deleted [
95 silly reify   'D:\\Code\\Antonio\\miro\\antonio-board\\node_modules\\@next\\swc-linux-x64-musl'
95 silly reify ]
96 verbose reify failed optional dependency D:\Code\Antonio\miro\antonio-board\node_modules\@next\swc-linux-x64-gnu
97 silly reify mark deleted [
97 silly reify   'D:\\Code\\Antonio\\miro\\antonio-board\\node_modules\\@next\\swc-linux-x64-gnu'
97 silly reify ]
98 verbose reify failed optional dependency D:\Code\Antonio\miro\antonio-board\node_modules\@next\swc-linux-arm64-musl
99 silly reify mark deleted [
99 silly reify   'D:\\Code\\Antonio\\miro\\antonio-board\\node_modules\\@next\\swc-linux-arm64-musl'
99 silly reify ]
100 verbose reify failed optional dependency D:\Code\Antonio\miro\antonio-board\node_modules\@next\swc-linux-arm64-gnu
101 silly reify mark deleted [
101 silly reify   'D:\\Code\\Antonio\\miro\\antonio-board\\node_modules\\@next\\swc-linux-arm64-gnu'
101 silly reify ]
102 verbose reify failed optional dependency D:\Code\Antonio\miro\antonio-board\node_modules\@next\swc-darwin-x64
103 silly reify mark deleted [
103 silly reify   'D:\\Code\\Antonio\\miro\\antonio-board\\node_modules\\@next\\swc-darwin-x64'
103 silly reify ]
104 verbose reify failed optional dependency D:\Code\Antonio\miro\antonio-board\node_modules\@next\swc-darwin-arm64
105 silly reify mark deleted [
105 silly reify   'D:\\Code\\Antonio\\miro\\antonio-board\\node_modules\\@next\\swc-darwin-arm64'
105 silly reify ]
106 verbose reify failed optional dependency D:\Code\Antonio\miro\antonio-board\node_modules\@img\sharp-win32-ia32
107 silly reify mark deleted [
107 silly reify   'D:\\Code\\Antonio\\miro\\antonio-board\\node_modules\\@img\\sharp-win32-ia32'
107 silly reify ]
108 verbose reify failed optional dependency D:\Code\Antonio\miro\antonio-board\node_modules\@img\sharp-wasm32
109 silly reify mark deleted [
109 silly reify   'D:\\Code\\Antonio\\miro\\antonio-board\\node_modules\\@img\\sharp-wasm32'
109 silly reify ]
110 verbose reify failed optional dependency D:\Code\Antonio\miro\antonio-board\node_modules\@emnapi\runtime
111 silly reify mark deleted [
111 silly reify   'D:\\Code\\Antonio\\miro\\antonio-board\\node_modules\\@emnapi\\runtime'
111 silly reify ]
112 verbose reify failed optional dependency D:\Code\Antonio\miro\antonio-board\node_modules\@img\sharp-linuxmusl-x64
113 silly reify mark deleted [
113 silly reify   'D:\\Code\\Antonio\\miro\\antonio-board\\node_modules\\@img\\sharp-linuxmusl-x64'
113 silly reify ]
114 verbose reify failed optional dependency D:\Code\Antonio\miro\antonio-board\node_modules\@img\sharp-linuxmusl-arm64
115 silly reify mark deleted [
115 silly reify   'D:\\Code\\Antonio\\miro\\antonio-board\\node_modules\\@img\\sharp-linuxmusl-arm64'
115 silly reify ]
116 verbose reify failed optional dependency D:\Code\Antonio\miro\antonio-board\node_modules\@img\sharp-linux-x64
117 silly reify mark deleted [
117 silly reify   'D:\\Code\\Antonio\\miro\\antonio-board\\node_modules\\@img\\sharp-linux-x64'
117 silly reify ]
118 verbose reify failed optional dependency D:\Code\Antonio\miro\antonio-board\node_modules\@img\sharp-linux-s390x
119 silly reify mark deleted [
119 silly reify   'D:\\Code\\Antonio\\miro\\antonio-board\\node_modules\\@img\\sharp-linux-s390x'
119 silly reify ]
120 verbose reify failed optional dependency D:\Code\Antonio\miro\antonio-board\node_modules\@img\sharp-linux-arm64
121 silly reify mark deleted [
121 silly reify   'D:\\Code\\Antonio\\miro\\antonio-board\\node_modules\\@img\\sharp-linux-arm64'
121 silly reify ]
122 verbose reify failed optional dependency D:\Code\Antonio\miro\antonio-board\node_modules\@img\sharp-linux-arm
123 silly reify mark deleted [
123 silly reify   'D:\\Code\\Antonio\\miro\\antonio-board\\node_modules\\@img\\sharp-linux-arm'
123 silly reify ]
124 verbose reify failed optional dependency D:\Code\Antonio\miro\antonio-board\node_modules\@img\sharp-libvips-linuxmusl-x64
125 silly reify mark deleted [
125 silly reify   'D:\\Code\\Antonio\\miro\\antonio-board\\node_modules\\@img\\sharp-libvips-linuxmusl-x64'
125 silly reify ]
126 verbose reify failed optional dependency D:\Code\Antonio\miro\antonio-board\node_modules\@img\sharp-libvips-linuxmusl-arm64
127 silly reify mark deleted [
127 silly reify   'D:\\Code\\Antonio\\miro\\antonio-board\\node_modules\\@img\\sharp-libvips-linuxmusl-arm64'
127 silly reify ]
128 verbose reify failed optional dependency D:\Code\Antonio\miro\antonio-board\node_modules\@img\sharp-libvips-linux-x64
129 silly reify mark deleted [
129 silly reify   'D:\\Code\\Antonio\\miro\\antonio-board\\node_modules\\@img\\sharp-libvips-linux-x64'
129 silly reify ]
130 verbose reify failed optional dependency D:\Code\Antonio\miro\antonio-board\node_modules\@img\sharp-libvips-linux-s390x
131 silly reify mark deleted [
131 silly reify   'D:\\Code\\Antonio\\miro\\antonio-board\\node_modules\\@img\\sharp-libvips-linux-s390x'
131 silly reify ]
132 verbose reify failed optional dependency D:\Code\Antonio\miro\antonio-board\node_modules\@img\sharp-libvips-linux-arm64
133 silly reify mark deleted [
133 silly reify   'D:\\Code\\Antonio\\miro\\antonio-board\\node_modules\\@img\\sharp-libvips-linux-arm64'
133 silly reify ]
134 verbose reify failed optional dependency D:\Code\Antonio\miro\antonio-board\node_modules\@img\sharp-libvips-linux-arm
135 silly reify mark deleted [
135 silly reify   'D:\\Code\\Antonio\\miro\\antonio-board\\node_modules\\@img\\sharp-libvips-linux-arm'
135 silly reify ]
136 verbose reify failed optional dependency D:\Code\Antonio\miro\antonio-board\node_modules\@img\sharp-libvips-darwin-x64
137 silly reify mark deleted [
137 silly reify   'D:\\Code\\Antonio\\miro\\antonio-board\\node_modules\\@img\\sharp-libvips-darwin-x64'
137 silly reify ]
138 verbose reify failed optional dependency D:\Code\Antonio\miro\antonio-board\node_modules\@img\sharp-libvips-darwin-arm64
139 silly reify mark deleted [
139 silly reify   'D:\\Code\\Antonio\\miro\\antonio-board\\node_modules\\@img\\sharp-libvips-darwin-arm64'
139 silly reify ]
140 verbose reify failed optional dependency D:\Code\Antonio\miro\antonio-board\node_modules\@img\sharp-darwin-x64
141 silly reify mark deleted [
141 silly reify   'D:\\Code\\Antonio\\miro\\antonio-board\\node_modules\\@img\\sharp-darwin-x64'
141 silly reify ]
142 verbose reify failed optional dependency D:\Code\Antonio\miro\antonio-board\node_modules\@img\sharp-darwin-arm64
143 silly reify mark deleted [
143 silly reify   'D:\\Code\\Antonio\\miro\\antonio-board\\node_modules\\@img\\sharp-darwin-arm64'
143 silly reify ]
144 http cache tailwindcss-animate@https://registry.npmjs.org/tailwindcss-animate/-/tailwindcss-animate-1.0.7.tgz 0ms (cache hit)
145 http cache @emnapi/runtime@https://registry.npmjs.org/@emnapi/runtime/-/runtime-1.3.1.tgz 0ms (cache hit)
146 http cache lucide-react@https://registry.npmjs.org/lucide-react/-/lucide-react-0.479.0.tgz 0ms (cache hit)
147 http cache class-variance-authority@https://registry.npmjs.org/class-variance-authority/-/class-variance-authority-0.7.1.tgz 0ms (cache hit)
148 http cache tailwind-merge@https://registry.npmjs.org/tailwind-merge/-/tailwind-merge-3.0.2.tgz 0ms (cache hit)
149 http cache clsx@https://registry.npmjs.org/clsx/-/clsx-2.1.1.tgz 0ms (cache hit)
150 silly tarball no local data for tailwindcss-animate@https://registry.npmjs.org/tailwindcss-animate/-/tailwindcss-animate-1.0.7.tgz. Extracting by manifest.
151 silly tarball no local data for @emnapi/runtime@https://registry.npmjs.org/@emnapi/runtime/-/runtime-1.3.1.tgz. Extracting by manifest.
152 silly tarball no local data for lucide-react@https://registry.npmjs.org/lucide-react/-/lucide-react-0.479.0.tgz. Extracting by manifest.
153 silly tarball no local data for class-variance-authority@https://registry.npmjs.org/class-variance-authority/-/class-variance-authority-0.7.1.tgz. Extracting by manifest.
154 silly tarball no local data for tailwind-merge@https://registry.npmjs.org/tailwind-merge/-/tailwind-merge-3.0.2.tgz. Extracting by manifest.
155 silly tarball no local data for clsx@https://registry.npmjs.org/clsx/-/clsx-2.1.1.tgz. Extracting by manifest.
156 http fetch GET 200 https://registry.npmjs.org/tailwindcss-animate/-/tailwindcss-animate-1.0.7.tgz 112ms (cache miss)
157 http fetch GET 200 https://registry.npmjs.org/clsx/-/clsx-2.1.1.tgz 117ms (cache miss)
158 http fetch GET 200 https://registry.npmjs.org/class-variance-authority/-/class-variance-authority-0.7.1.tgz 120ms (cache miss)
159 http fetch GET 200 https://registry.npmjs.org/@emnapi/runtime/-/runtime-1.3.1.tgz 137ms (cache miss)
160 http fetch GET 200 https://registry.npmjs.org/tailwind-merge/-/tailwind-merge-3.0.2.tgz 150ms (cache miss)
161 http fetch POST 200 https://registry.npmjs.org/-/npm/v1/security/advisories/bulk 224ms
162 silly audit report {}
163 http fetch GET 200 https://registry.npmjs.org/lucide-react/-/lucide-react-0.479.0.tgz 1963ms (cache miss)
164 silly ADD node_modules/tailwindcss-animate
165 silly ADD node_modules/tailwind-merge
166 silly ADD node_modules/lucide-react
167 silly ADD node_modules/clsx
168 silly ADD node_modules/class-variance-authority
169 silly ADD
170 silly ADD
171 silly ADD
172 silly ADD
173 silly ADD
174 silly ADD
175 silly ADD
176 silly ADD
177 silly ADD
178 silly ADD
179 silly ADD
180 silly ADD
181 silly ADD
182 silly ADD
183 silly ADD
184 silly ADD
185 silly ADD
186 silly ADD
187 silly ADD
188 silly ADD
189 silly ADD
190 silly ADD
191 silly ADD
192 silly ADD
193 silly ADD
194 silly ADD
195 silly ADD
196 silly ADD
197 silly ADD
198 silly ADD
199 silly ADD
200 silly ADD
201 silly ADD
202 silly ADD
203 silly ADD
204 silly ADD
205 silly ADD
206 silly ADD
207 silly ADD
208 silly ADD
209 silly ADD
210 silly ADD
211 silly ADD
212 silly ADD
213 silly ADD
214 verbose cwd D:\Code\Antonio\miro\antonio-board
215 verbose os Windows_NT 10.0.22631
216 verbose node v22.13.0
217 verbose npm  v11.1.0
218 verbose exit 0
219 info ok
